<?xml version="1.0" encoding="UTF-8"?>
<!-- Generated by org.testng.reporters.JUnitReportReporter -->
<testsuite hostname="DESKTOP-LOE3V04" failures="0" tests="5" name="com.java.runner.TestRunner" time="119.172" errors="0" timestamp="2023-04-03T17:11:52 IST" skipped="0">
  <testcase classname="com.java.runner.TestRunner" name="runScenario" time="23.882"/>
  <system-out/>
  <testcase classname="com.java.runner.TestRunner" name="runScenario" time="24.024"/>
  <system-out/>
  <testcase classname="com.java.runner.TestRunner" name="runScenario" time="23.879"/>
  <system-out/>
  <testcase classname="com.java.runner.TestRunner" name="runScenario" time="23.681"/>
  <system-out/>
  <testcase classname="com.java.runner.TestRunner" name="runScenario" time="23.706"/>
  <system-out/>
</testsuite> <!-- com.java.runner.TestRunner -->
